  main.cpp
d:\documents\development\github\gfxengine\glprojects\glapp\glapp\main.cpp(346): warning C4244: 'argument': conversion from 'double' to 'float', possible loss of data
d:\documents\development\github\gfxengine\glprojects\glapp\glapp\main.cpp(391): warning C4244: 'argument': conversion from 'double' to 'float', possible loss of data
d:\documents\development\github\gfxengine\glprojects\glapp\glapp\main.cpp(409): warning C4244: 'argument': conversion from 'double' to 'float', possible loss of data
d:\development\vs217\vc\tools\msvc\14.16.27023\include\vector(1715): error C2036: 'Mesh *const ': unknown size
  d:\development\vs217\vc\tools\msvc\14.16.27023\include\vector(1714): note: while compiling class template member function 'unsigned int std::vector<Mesh,std::allocator<_Ty>>::capacity(void) noexcept const'
          with
          [
              _Ty=Mesh
          ]
  d:\development\vs217\vc\tools\msvc\14.16.27023\include\vector(1916): note: see reference to function template instantiation 'unsigned int std::vector<Mesh,std::allocator<_Ty>>::capacity(void) noexcept const' being compiled
          with
          [
              _Ty=Mesh
          ]
  d:\documents\development\github\gfxengine\glprojects\glapp\glapp\source\public\model.h(32): note: see reference to class template instantiation 'std::vector<Mesh,std::allocator<_Ty>>' being compiled
          with
          [
              _Ty=Mesh
          ]
  Model.cpp
d:\documents\development\github\gfxengine\glprojects\glapp\glapp\source\private\model.cpp(168): error C2228: left of '.size' must have class/struct/union
  d:\documents\development\github\gfxengine\glprojects\glapp\glapp\source\private\model.cpp(168): note: type is 'std::vector<Texture,std::allocator<_Ty>> *'
          with
          [
              _Ty=Texture
          ]
  d:\documents\development\github\gfxengine\glprojects\glapp\glapp\source\private\model.cpp(168): note: did you intend to use '->' instead?
d:\documents\development\github\gfxengine\glprojects\glapp\glapp\source\private\model.cpp(170): error C2039: 'path': is not a member of 'std::vector<Texture,std::allocator<_Ty>>'
          with
          [
              _Ty=Texture
          ]
  d:\documents\development\github\gfxengine\glprojects\glapp\glapp\source\public\model.h(34): note: see declaration of 'std::vector<Texture,std::allocator<_Ty>>'
          with
          [
              _Ty=Texture
          ]
d:\documents\development\github\gfxengine\glprojects\glapp\glapp\source\private\model.cpp(172): error C2664: 'void std::vector<Texture,std::allocator<_Ty>>::push_back(_Ty &&)': cannot convert argument 1 from 'std::vector<Texture,std::allocator<_Ty>>' to 'const _Ty &'
          with
          [
              _Ty=Texture
          ]
  d:\documents\development\github\gfxengine\glprojects\glapp\glapp\source\private\model.cpp(172): note: Reason: cannot convert from 'std::vector<Texture,std::allocator<_Ty>>' to 'const _Ty'
          with
          [
              _Ty=Texture
          ]
  d:\documents\development\github\gfxengine\glprojects\glapp\glapp\source\private\model.cpp(172): note: No user-defined-conversion operator available that can perform this conversion, or the operator cannot be called
  Generating Code...
