  BasicShapes.cpp
d:\development\gfxengine\gfxengine\BasicShapes.h(70): error C2143: syntax error: missing ';' before '*'
d:\development\gfxengine\gfxengine\BasicShapes.h(70): error C4430: missing type specifier - int assumed. Note: C++ does not support default-int
d:\development\gfxengine\gfxengine\BasicShapes.h(70): error C2238: unexpected token(s) preceding ';'
d:\development\gfxengine\gfxengine\BasicShapes.h(71): error C2143: syntax error: missing ';' before '*'
d:\development\gfxengine\gfxengine\BasicShapes.h(71): error C4430: missing type specifier - int assumed. Note: C++ does not support default-int
d:\development\gfxengine\gfxengine\BasicShapes.h(71): error C2238: unexpected token(s) preceding ';'
d:\development\gfxengine\gfxengine\BasicShapes.h(72): error C2143: syntax error: missing ';' before '*'
d:\development\gfxengine\gfxengine\BasicShapes.h(72): error C4430: missing type specifier - int assumed. Note: C++ does not support default-int
d:\development\gfxengine\gfxengine\BasicShapes.h(72): error C2238: unexpected token(s) preceding ';'
d:\development\gfxengine\gfxengine\BasicShapes.h(73): error C2143: syntax error: missing ';' before '*'
d:\development\gfxengine\gfxengine\BasicShapes.h(73): error C4430: missing type specifier - int assumed. Note: C++ does not support default-int
d:\development\gfxengine\gfxengine\BasicShapes.h(73): error C2238: unexpected token(s) preceding ';'
d:\development\gfxengine\gfxengine\BasicShapes.h(74): error C2143: syntax error: missing ';' before '*'
d:\development\gfxengine\gfxengine\BasicShapes.h(74): error C4430: missing type specifier - int assumed. Note: C++ does not support default-int
d:\development\gfxengine\gfxengine\BasicShapes.h(74): error C2238: unexpected token(s) preceding ';'
d:\development\gfxengine\gfxengine\BasicShapes.h(75): error C2143: syntax error: missing ';' before '*'
d:\development\gfxengine\gfxengine\BasicShapes.h(75): error C4430: missing type specifier - int assumed. Note: C++ does not support default-int
d:\development\gfxengine\gfxengine\BasicShapes.h(75): error C2238: unexpected token(s) preceding ';'
d:\development\gfxengine\gfxengine\BasicShapes.h(78): error C2143: syntax error: missing ';' before '*'
d:\development\gfxengine\gfxengine\BasicShapes.h(78): error C4430: missing type specifier - int assumed. Note: C++ does not support default-int
d:\development\gfxengine\gfxengine\BasicShapes.h(78): error C2238: unexpected token(s) preceding ';'
BasicShapes.cpp(156): error C2065: 'ArrayHolder': undeclared identifier
BasicShapes.cpp(156): error C2065: 'Front': undeclared identifier
BasicShapes.cpp(157): error C2065: 'Front': undeclared identifier
BasicShapes.cpp(157): error C2227: left of '->thisFaceType' must point to class/struct/union/generic type
  BasicShapes.cpp(157): note: type is 'unknown-type'
BasicShapes.cpp(158): error C2065: 'ArrayHolder': undeclared identifier
BasicShapes.cpp(158): error C2065: 'Back': undeclared identifier
BasicShapes.cpp(159): error C2065: 'Back': undeclared identifier
BasicShapes.cpp(159): error C2227: left of '->thisFaceType' must point to class/struct/union/generic type
  BasicShapes.cpp(159): note: type is 'unknown-type'
BasicShapes.cpp(160): error C2065: 'ArrayHolder': undeclared identifier
BasicShapes.cpp(160): error C2065: 'Left': undeclared identifier
BasicShapes.cpp(161): error C2065: 'Left': undeclared identifier
BasicShapes.cpp(161): error C2227: left of '->thisFaceType' must point to class/struct/union/generic type
  BasicShapes.cpp(161): note: type is 'unknown-type'
BasicShapes.cpp(162): error C2065: 'ArrayHolder': undeclared identifier
BasicShapes.cpp(162): error C2065: 'Right': undeclared identifier
BasicShapes.cpp(163): error C2065: 'Right': undeclared identifier
BasicShapes.cpp(163): error C2227: left of '->thisFaceType' must point to class/struct/union/generic type
  BasicShapes.cpp(163): note: type is 'unknown-type'
BasicShapes.cpp(164): error C2065: 'ArrayHolder': undeclared identifier
BasicShapes.cpp(164): error C2065: 'Top': undeclared identifier
BasicShapes.cpp(165): error C2065: 'Top': undeclared identifier
BasicShapes.cpp(165): error C2227: left of '->thisFaceType' must point to class/struct/union/generic type
  BasicShapes.cpp(165): note: type is 'unknown-type'
BasicShapes.cpp(166): error C2065: 'ArrayHolder': undeclared identifier
BasicShapes.cpp(166): error C2065: 'Bottom': undeclared identifier
BasicShapes.cpp(167): error C2065: 'Bottom': undeclared identifier
BasicShapes.cpp(167): error C2227: left of '->thisFaceType' must point to class/struct/union/generic type
  BasicShapes.cpp(167): note: type is 'unknown-type'
BasicShapes.cpp(177): error C2065: 'ArrayHolder': undeclared identifier
BasicShapes.cpp(178): error C3861: '<begin>': identifier not found
BasicShapes.cpp(178): error C3312: no callable 'begin' function found for type 'unknown-type'
BasicShapes.cpp(178): error C3861: '<end>': identifier not found
BasicShapes.cpp(178): error C3312: no callable 'end' function found for type 'unknown-type'
BasicShapes.cpp(179): error C2065: 'iterator': undeclared identifier
BasicShapes.cpp(179): error C2227: left of '->generalCenterPoint' must point to class/struct/union/generic type
  BasicShapes.cpp(179): note: type is 'unknown-type'
BasicShapes.cpp(186): error C2065: 'ArrayHolder': undeclared identifier
BasicShapes.cpp(186): error C3861: '<begin>': identifier not found
BasicShapes.cpp(186): error C3312: no callable 'begin' function found for type 'unknown-type'
BasicShapes.cpp(186): error C3861: '<end>': identifier not found
BasicShapes.cpp(186): error C3312: no callable 'end' function found for type 'unknown-type'
BasicShapes.cpp(187): error C2065: 'iterator2': undeclared identifier
BasicShapes.cpp(187): error C2227: left of '->DetermineFaceType' must point to class/struct/union/generic type
  BasicShapes.cpp(187): note: type is 'unknown-type'
  GlutWindow.cpp
d:\development\gfxengine\gfxengine\BasicShapes.h(70): error C2143: syntax error: missing ';' before '*'
d:\development\gfxengine\gfxengine\BasicShapes.h(70): error C4430: missing type specifier - int assumed. Note: C++ does not support default-int
d:\development\gfxengine\gfxengine\BasicShapes.h(70): error C2238: unexpected token(s) preceding ';'
d:\development\gfxengine\gfxengine\BasicShapes.h(71): error C2143: syntax error: missing ';' before '*'
d:\development\gfxengine\gfxengine\BasicShapes.h(71): error C4430: missing type specifier - int assumed. Note: C++ does not support default-int
d:\development\gfxengine\gfxengine\BasicShapes.h(71): error C2238: unexpected token(s) preceding ';'
d:\development\gfxengine\gfxengine\BasicShapes.h(72): error C2143: syntax error: missing ';' before '*'
d:\development\gfxengine\gfxengine\BasicShapes.h(72): error C4430: missing type specifier - int assumed. Note: C++ does not support default-int
d:\development\gfxengine\gfxengine\BasicShapes.h(72): error C2238: unexpected token(s) preceding ';'
d:\development\gfxengine\gfxengine\BasicShapes.h(73): error C2143: syntax error: missing ';' before '*'
d:\development\gfxengine\gfxengine\BasicShapes.h(73): error C4430: missing type specifier - int assumed. Note: C++ does not support default-int
d:\development\gfxengine\gfxengine\BasicShapes.h(73): error C2238: unexpected token(s) preceding ';'
d:\development\gfxengine\gfxengine\BasicShapes.h(74): error C2143: syntax error: missing ';' before '*'
d:\development\gfxengine\gfxengine\BasicShapes.h(74): error C4430: missing type specifier - int assumed. Note: C++ does not support default-int
d:\development\gfxengine\gfxengine\BasicShapes.h(74): error C2238: unexpected token(s) preceding ';'
d:\development\gfxengine\gfxengine\BasicShapes.h(75): error C2143: syntax error: missing ';' before '*'
d:\development\gfxengine\gfxengine\BasicShapes.h(75): error C4430: missing type specifier - int assumed. Note: C++ does not support default-int
d:\development\gfxengine\gfxengine\BasicShapes.h(75): error C2238: unexpected token(s) preceding ';'
d:\development\gfxengine\gfxengine\BasicShapes.h(78): error C2143: syntax error: missing ';' before '*'
d:\development\gfxengine\gfxengine\BasicShapes.h(78): error C4430: missing type specifier - int assumed. Note: C++ does not support default-int
d:\development\gfxengine\gfxengine\BasicShapes.h(78): error C2238: unexpected token(s) preceding ';'
  MaterialLoader.cpp
  Operations.cpp
  stdafx.cpp
