  main.cpp
d:\documents\development\github\gfxengine\glprojects\glapp\glapp\main.cpp(347): warning C4244: 'argument': conversion from 'double' to 'float', possible loss of data
d:\documents\development\github\gfxengine\glprojects\glapp\glapp\main.cpp(392): warning C4244: 'argument': conversion from 'double' to 'float', possible loss of data
d:\documents\development\github\gfxengine\glprojects\glapp\glapp\main.cpp(410): warning C4244: 'argument': conversion from 'double' to 'float', possible loss of data
  Camera.cpp
d:\documents\development\github\gfxengine\glprojects\glapp\glapp\source\private\camera.cpp(73): warning C4244: 'argument': conversion from 'Camera_Movement' to 'float', possible loss of data
  Inputs.cpp
  Light.cpp
  Math.cpp
d:\documents\development\github\gfxengine\glprojects\glapp\glapp\source\private\math.cpp(32): warning C4244: 'return': conversion from 'double' to 'float', possible loss of data
d:\documents\development\github\gfxengine\glprojects\glapp\glapp\source\private\math.cpp(39): warning C4244: 'return': conversion from 'int' to 'float', possible loss of data
  Mesh.cpp
  Model.cpp
  PostProcessing.cpp
  Shader.cpp
  TextureLoading.cpp
soil2-debug.lib(SOIL2.obj) : warning LNK4075: ignoring '/EDITANDCONTINUE' due to '/OPT:ICF' specification
LINK : warning LNK4098: defaultlib 'MSVCRTD' conflicts with use of other libs; use /NODEFAULTLIB:library
main.obj : error LNK2001: unresolved external symbol ___glewEnableVertexAttribArray
main.obj : error LNK2001: unresolved external symbol ___glewBindVertexArray
main.obj : error LNK2001: unresolved external symbol ___glewVertexAttribPointer
main.obj : error LNK2001: unresolved external symbol ___glewBindBuffer
main.obj : error LNK2001: unresolved external symbol ___glewRenderbufferStorageMultisample
main.obj : error LNK2001: unresolved external symbol ___glewUniform1i
main.obj : error LNK2001: unresolved external symbol ___glewDrawBuffers
main.obj : error LNK2001: unresolved external symbol ___glewBlitFramebuffer
main.obj : error LNK2001: unresolved external symbol ___glewGetUniformLocation
main.obj : error LNK2001: unresolved external symbol ___glewBufferData
main.obj : error LNK2001: unresolved external symbol ___glewActiveTexture
main.obj : error LNK2001: unresolved external symbol ___glewFramebufferTexture2D
main.obj : error LNK2001: unresolved external symbol ___glewGenVertexArrays
main.obj : error LNK2001: unresolved external symbol ___glewCheckFramebufferStatus
main.obj : error LNK2001: unresolved external symbol ___glewFramebufferRenderbuffer
main.obj : error LNK2001: unresolved external symbol ___glewGenFramebuffers
main.obj : error LNK2001: unresolved external symbol ___glewBindRenderbuffer
main.obj : error LNK2001: unresolved external symbol ___glewUniformMatrix4fv
main.obj : error LNK2001: unresolved external symbol ___glewBindFramebuffer
main.obj : error LNK2001: unresolved external symbol _glewExperimental
main.obj : error LNK2001: unresolved external symbol ___glewGenRenderbuffers
main.obj : error LNK2001: unresolved external symbol ___glewGenBuffers
main.obj : error LNK2001: unresolved external symbol ___glewTexImage2DMultisample
main.obj : error LNK2001: unresolved external symbol ___glewUniform3fv
Mesh.obj : error LNK2001: unresolved external symbol ___glewUniform1f
Model.obj : error LNK2001: unresolved external symbol ___glewGenerateMipmap
Shader.obj : error LNK2001: unresolved external symbol ___glewUseProgram
Shader.obj : error LNK2001: unresolved external symbol ___glewGetShaderiv
Shader.obj : error LNK2001: unresolved external symbol ___glewCompileShader
Shader.obj : error LNK2001: unresolved external symbol ___glewCreateShader
Shader.obj : error LNK2001: unresolved external symbol ___glewCreateProgram
Shader.obj : error LNK2001: unresolved external symbol ___glewGetShaderInfoLog
Shader.obj : error LNK2001: unresolved external symbol ___glewGetProgramiv
Shader.obj : error LNK2001: unresolved external symbol ___glewAttachShader
Shader.obj : error LNK2001: unresolved external symbol ___glewShaderSource
Shader.obj : error LNK2001: unresolved external symbol ___glewGetProgramInfoLog
Shader.obj : error LNK2001: unresolved external symbol ___glewDeleteShader
Shader.obj : error LNK2001: unresolved external symbol ___glewUniform4fv
Shader.obj : error LNK2001: unresolved external symbol ___glewLinkProgram
D:\Documents\Development\GitHub\GfxEngine\GLProjects\GLApp\Release\GLApp.exe : fatal error LNK1120: 39 unresolved externals
