d:\documents\github\gfxengine\glprojects\glapp\glapp\debug\vc141.pdb
d:\documents\github\gfxengine\glprojects\glapp\glapp\debug\vc141.idb
d:\documents\github\gfxengine\glprojects\glapp\glapp\debug\main.obj
d:\documents\github\gfxengine\glprojects\glapp\glapp\debug\glapp.res
d:\documents\github\gfxengine\glprojects\glapp\debug\glapp.pdb
d:\documents\github\gfxengine\glprojects\glapp\glapp\debug\glapp.tlog\cl.command.1.tlog
d:\documents\github\gfxengine\glprojects\glapp\glapp\debug\glapp.tlog\cl.read.1.tlog
d:\documents\github\gfxengine\glprojects\glapp\glapp\debug\glapp.tlog\cl.write.1.tlog
d:\documents\github\gfxengine\glprojects\glapp\glapp\debug\glapp.tlog\link-cvtres.read.1.tlog
d:\documents\github\gfxengine\glprojects\glapp\glapp\debug\glapp.tlog\link-cvtres.write.1.tlog
d:\documents\github\gfxengine\glprojects\glapp\glapp\debug\glapp.tlog\link-rc.read.1.tlog
d:\documents\github\gfxengine\glprojects\glapp\glapp\debug\glapp.tlog\link-rc.write.1.tlog
d:\documents\github\gfxengine\glprojects\glapp\glapp\debug\glapp.tlog\link.6852-cvtres.read.1.tlog
d:\documents\github\gfxengine\glprojects\glapp\glapp\debug\glapp.tlog\link.6852-cvtres.write.1.tlog
d:\documents\github\gfxengine\glprojects\glapp\glapp\debug\glapp.tlog\link.6852-rc.read.1.tlog
d:\documents\github\gfxengine\glprojects\glapp\glapp\debug\glapp.tlog\link.6852-rc.write.1.tlog
d:\documents\github\gfxengine\glprojects\glapp\glapp\debug\glapp.tlog\link.6852.read.1.tlog
d:\documents\github\gfxengine\glprojects\glapp\glapp\debug\glapp.tlog\link.6852.write.1.tlog
d:\documents\github\gfxengine\glprojects\glapp\glapp\debug\glapp.tlog\link.command.1.tlog
d:\documents\github\gfxengine\glprojects\glapp\glapp\debug\glapp.tlog\link.read.1.tlog
d:\documents\github\gfxengine\glprojects\glapp\glapp\debug\glapp.tlog\link.write.1.tlog
d:\documents\github\gfxengine\glprojects\glapp\glapp\debug\glapp.tlog\rc.command.1.tlog
d:\documents\github\gfxengine\glprojects\glapp\glapp\debug\glapp.tlog\rc.read.1.tlog
d:\documents\github\gfxengine\glprojects\glapp\glapp\debug\glapp.tlog\rc.write.1.tlog
